Vivado Simulator 2020.1
Copyright 1986-1999, 2001-2020 Xilinx, Inc. All Rights Reserved.
Running: C:/Xilinx/Vivado/2020.1/bin/unwrapped/win64.o/xelab.exe -wto ba368f929137459ba7437da05576b758 --incr --debug typical --relax --mt 2 -L xil_defaultlib -L secureip --snapshot processor_tb_behav xil_defaultlib.processor_tb -log elaborate.log 
Using 2 slave threads.
Starting static elaboration
Completed static elaboration
Starting simulation data flow analysis
Completed simulation data flow analysis
Time Resolution for simulation is 1ps
Compiling package std.standard
Compiling package std.textio
Compiling package ieee.std_logic_1164
Compiling package ieee.numeric_std
Compiling architecture behavioral of entity xil_defaultlib.reg [reg_default]
Compiling architecture behavioral of entity xil_defaultlib.rf [rf_default]
Compiling architecture behavioral of entity xil_defaultlib.alu [alu_default]
Compiling architecture behavioral of entity xil_defaultlib.datapath [datapath_default]
Compiling architecture behavioral of entity xil_defaultlib.cu [cu_default]
Compiling architecture behavioral of entity xil_defaultlib.processor [processor_default]
Compiling architecture behavioral of entity xil_defaultlib.processor_tb
Built simulation snapshot processor_tb_behav
